# JRE version: Java(TM) SE Runtime Environment (21.0.11+9) (build 21.0.11+9-LTS-211)
# Java VM: Java HotSpot(TM) 64-Bit Server VM (21.0.11+9-LTS-211, mixed mode, sharing, tiered, compressed oops, compressed class ptrs, g1 gc, windows-amd64)
GC Precious Log:
 CardTable entry size: 512
 Card Set container configuration: InlinePtr #cards 5 size 8 Array Of Cards #cards 12 size 40 Howl #buckets 4 coarsen threshold 1843 Howl Bitmap #cards 512 size 80 coarsen threshold 460 Card regions per heap region 1 cards per card region 2048
 CPUs: 12 total, 12 available
 Memory: 15772M
 Large Page Support: Disabled
 NUMA Support: Disabled
 Compressed Oops: Enabled (32-bit)
 Heap Region Size: 1M
 Heap Min Capacity: 256M
 Heap Initial Capacity: 256M
 Heap Max Capacity: 512M
 Pre-touch: Disabled
 Parallel Workers: 10
 Concurrent Workers: 3
 Concurrent Refinement Workers: 10
 Periodic GC: Disabled
Heap:
 garbage-first heap   total 262144K, used 126678K [0x00000000e0000000, 0x0000000100000000)
  region size 1024K, 72 young (73728K), 15 survivors (15360K)
 Metaspace       used 78769K, committed 81280K, reserved 458752K
  class space    used 10982K, committed 12224K, reserved 327680K
GC Heap History (20 events):
Event: 0.561 GC heap before
{Heap before GC invocations=0 (full 0):
 garbage-first heap   total 262144K, used 26624K [0x00000000e0000000, 0x0000000100000000)
  region size 1024K, 23 young (23552K), 0 survivors (0K)
 Metaspace       used 2913K, committed 3072K, reserved 393216K
  class space    used 332K, committed 384K, reserved 327680K
}
Event: 0.564 GC heap after
{Heap after GC invocations=1 (full 0):
 garbage-first heap   total 262144K, used 10780K [0x00000000e0000000, 0x0000000100000000)
  region size 1024K, 3 young (3072K), 3 survivors (3072K)
 Metaspace       used 2913K, committed 3072K, reserved 393216K
  class space    used 332K, committed 384K, reserved 327680K
}
Event: 0.853 GC heap before
{Heap before GC invocations=1 (full 0):
 garbage-first heap   total 262144K, used 40476K [0x00000000e0000000, 0x0000000100000000)
  region size 1024K, 31 young (31744K), 3 survivors (3072K)
 Metaspace       used 4632K, committed 4864K, reserved 393216K
  class space    used 577K, committed 704K, reserved 327680K
}
Event: 0.855 GC heap after
{Heap after GC invocations=2 (full 0):
 garbage-first heap   total 262144K, used 14388K [0x00000000e0000000, 0x0000000100000000)
  region size 1024K, 3 young (3072K), 3 survivors (3072K)
 Metaspace       used 4632K, committed 4864K, reserved 393216K
  class space    used 577K, committed 704K, reserved 327680K
}
Event: 2.059 GC heap before
{Heap before GC invocations=2 (full 0):
 garbage-first heap   total 262144K, used 98356K [0x00000000e0000000, 0x0000000100000000)
  region size 1024K, 85 young (87040K), 3 survivors (3072K)
 Metaspace       used 17188K, committed 17728K, reserved 393216K
  class space    used 2309K, committed 2560K, reserved 327680K
}
Event: 2.064 GC heap after
{Heap after GC invocations=3 (full 0):
 garbage-first heap   total 262144K, used 22681K [0x00000000e0000000, 0x0000000100000000)
  region size 1024K, 11 young (11264K), 11 survivors (11264K)
 Metaspace       used 17188K, committed 17728K, reserved 393216K
  class space    used 2309K, committed 2560K, reserved 327680K
}
Event: 2.364 GC heap before
{Heap before GC invocations=3 (full 0):
 garbage-first heap   total 262144K, used 49305K [0x00000000e0000000, 0x0000000100000000)
  region size 1024K, 38 young (38912K), 11 survivors (11264K)
 Metaspace       used 20874K, committed 21504K, reserved 393216K
  class space    used 2920K, committed 3200K, reserved 327680K
}
Event: 2.369 GC heap after
{Heap after GC invocations=4 (full 0):
 garbage-first heap   total 262144K, used 24948K [0x00000000e0000000, 0x0000000100000000)
  region size 1024K, 3 young (3072K), 3 survivors (3072K)
 Metaspace       used 20874K, committed 21504K, reserved 393216K
  class space    used 2920K, committed 3200K, reserved 327680K
}
Event: 3.550 GC heap before
{Heap before GC invocations=5 (full 0):
 garbage-first heap   total 262144K, used 125300K [0x00000000e0000000, 0x0000000100000000)
  region size 1024K, 103 young (105472K), 3 survivors (3072K)
 Metaspace       used 34535K, committed 35968K, reserved 393216K
  class space    used 4996K, committed 5696K, reserved 327680K
}
Event: 3.559 GC heap after
{Heap after GC invocations=6 (full 0):
 garbage-first heap   total 262144K, used 31220K [0x00000000e0000000, 0x0000000100000000)
  region size 1024K, 9 young (9216K), 9 survivors (9216K)
 Metaspace       used 34535K, committed 35968K, reserved 393216K
  class space    used 4996K, committed 5696K, reserved 327680K
}
Event: 5.393 GC heap before
{Heap before GC invocations=7 (full 0):
 garbage-first heap   total 262144K, used 180724K [0x00000000e0000000, 0x0000000100000000)
  region size 1024K, 153 young (156672K), 9 survivors (9216K)
 Metaspace       used 49875K, committed 51776K, reserved 393216K
  class space    used 7127K, committed 8064K, reserved 327680K
}
Event: 5.405 GC heap after
{Heap after GC invocations=8 (full 0):
 garbage-first heap   total 262144K, used 44390K [0x00000000e0000000, 0x0000000100000000)
  region size 1024K, 20 young (20480K), 20 survivors (20480K)
 Metaspace       used 49875K, committed 51776K, reserved 393216K
  class space    used 7127K, committed 8064K, reserved 327680K
}
Event: 6.650 GC heap before
{Heap before GC invocations=8 (full 0):
 garbage-first heap   total 262144K, used 167270K [0x00000000e0000000, 0x0000000100000000)
  region size 1024K, 141 young (144384K), 20 survivors (20480K)
 Metaspace       used 57883K, committed 60160K, reserved 393216K
  class space    used 8409K, committed 9536K, reserved 327680K
}
Event: 6.668 GC heap after
{Heap after GC invocations=9 (full 0):
 garbage-first heap   total 262144K, used 56244K [0x00000000e0000000, 0x0000000100000000)
  region size 1024K, 13 young (13312K), 13 survivors (13312K)
 Metaspace       used 57883K, committed 60160K, reserved 393216K
  class space    used 8409K, committed 9536K, reserved 327680K
}
Event: 6.716 GC heap before
{Heap before GC invocations=9 (full 0):
 garbage-first heap   total 262144K, used 59316K [0x00000000e0000000, 0x0000000100000000)
  region size 1024K, 17 young (17408K), 13 survivors (13312K)
 Metaspace       used 58187K, committed 60480K, reserved 393216K
  class space    used 8461K, committed 9600K, reserved 327680K
}
Event: 6.722 GC heap after
{Heap after GC invocations=10 (full 0):
 garbage-first heap   total 262144K, used 57625K [0x00000000e0000000, 0x0000000100000000)
  region size 1024K, 2 young (2048K), 2 survivors (2048K)
 Metaspace       used 58187K, committed 60480K, reserved 393216K
  class space    used 8461K, committed 9600K, reserved 327680K
}
Event: 44.483 GC heap before
{Heap before GC invocations=11 (full 0):
 garbage-first heap   total 262144K, used 211225K [0x00000000e0000000, 0x0000000100000000)
  region size 1024K, 153 young (156672K), 2 survivors (2048K)
 Metaspace       used 73481K, committed 75904K, reserved 393216K
  class space    used 10623K, committed 11840K, reserved 327680K
}
Event: 44.489 GC heap after
{Heap after GC invocations=12 (full 0):
 garbage-first heap   total 262144K, used 64401K [0x00000000e0000000, 0x0000000100000000)
  region size 1024K, 9 young (9216K), 9 survivors (9216K)
 Metaspace       used 73481K, committed 75904K, reserved 393216K
  class space    used 10623K, committed 11840K, reserved 327680K
}
Event: 1065.579 GC heap before
{Heap before GC invocations=12 (full 0):
 garbage-first heap   total 262144K, used 210833K [0x00000000e0000000, 0x0000000100000000)
  region size 1024K, 153 young (156672K), 9 survivors (9216K)
 Metaspace       used 78146K, committed 80768K, reserved 458752K
  class space    used 10953K, committed 12224K, reserved 327680K
}
Event: 1065.599 GC heap after
{Heap after GC invocations=13 (full 0):
 garbage-first heap   total 262144K, used 70358K [0x00000000e0000000, 0x0000000100000000)
  region size 1024K, 15 young (15360K), 15 survivors (15360K)
 Metaspace       used 78146K, committed 80768K, reserved 458752K
  class space    used 10953K, committed 12224K, reserved 327680K
}

